Expression 1:
Invalid Expression YOU ARE HERE2222
The Intermediate Results are: 

Expression 2:
Invalid Expression YOU ARE HERE2222
Invalid expression
The Intermediate Results are: 

Expression 3:
Invalid Expression YOU ARE HERE2222
Invalid expression
The Intermediate Results are: 9 

Expression 4:
Invalid Expression YOU ARE HERE2222
Invalid expression
The Intermediate Results are: 7 7 

Expression 5:
Invalid Expression YOU ARE HERE2222
Invalid expression
The Intermediate Results are: -1.07373e+08 

Expression 6:
Invalid Expression YOU ARE HERE2222
Invalid expression
The Intermediate Results are: 7 0 

Expression 7:
Invalid Expression BAD CHAR
Invalid Expression YOU ARE HERE2222
Invalid expression
The Intermediate Results are: 9 

Expression 8:
The value is: 108.81
The Intermediate Results are: -1 1 4.65 108.81 

Expression 9:
The value is: 96.5455
The Intermediate Results are: 1.1 10.3 2.3 11 -7 3 24 0.818182 2 1.63636 3.63636 5.63636 18.3636 -13.3636 93.5455 96.5455 

Expression 10:
Invalid Expression YOU ARE HERE2222
Invalid expression
The Intermediate Results are: -1 -3 2 13 15 -13 -0 

Expression 11:
Invalid Expression YOU ARE HERE2222
Invalid expression
The Intermediate Results are: -1 1 7 -1 

Expression 12:
Invalid Expression YOU ARE HERE2222
Invalid expression
The Intermediate Results are: 0 

Expression 13:
Invalid Expression YOU ARE HERE2222
Invalid expression
The Intermediate Results are: 

Expression 14:
Invalid Expression BAD CHAR
Invalid Expression YOU ARE HERE2222
Invalid expression
The Intermediate Results are: 

Expression 15:
Invalid Expression BAD CHAR
Invalid Expression YOU ARE HERE2222
Invalid expression
The Intermediate Results are: 

Expression 16:
Invalid Expression BAD CHAR
Invalid Expression YOU ARE HERE2222
Invalid expression
The Intermediate Results are: 

Normal Termination of Program 1!
